<?xml version="1.0" encoding="UTF-8" ?>
<testsuite tests="24" failures="0" name="unitario.AlocacaoTest" time="0.01" errors="0" skipped="0">
  <properties>
[...]
</properties>
  <testcase classname="unitario.AlocacaoTest" name="checaTempoMinimoTest1" time="0.002"/>
  <testcase classname="unitario.AlocacaoTest" name="checaTempoMinimoTest2" time="0"/>
  <testcase classname="unitario.AlocacaoTest" name="checaTempoMinimoTest3" time="0"/>
  <testcase classname="unitario.AlocacaoTest" name="checaTempoMinimoTest4" time="0.001"/>
  <testcase classname="unitario.AlocacaoTest" name="checaTempoMinimoTest5" time="0"/>
  <testcase classname="unitario.AlocacaoTest" name="checaTempoMinimoTest6" time="0"/>
  <testcase classname="unitario.AlocacaoTest" name="checaMesmoDiaTest1" time="0"/>
  <testcase classname="unitario.AlocacaoTest" name="checaMesmoDiaTest2" time="0"/>
  <testcase classname="unitario.AlocacaoTest" name="checaMesmoDiaTest3" time="0"/>
  <testcase classname="unitario.AlocacaoTest" name="checaMesmoDiaTest4" time="0"/>
  <testcase classname="unitario.AlocacaoTest" name="checaMesmoDiaTest5" time="0"/>
  <testcase classname="unitario.AlocacaoTest" name="checaHorarioMinMaxTest1" time="0"/>
  <testcase classname="unitario.AlocacaoTest" name="checaHorarioMinMaxTest2" time="0"/>
  <testcase classname="unitario.AlocacaoTest" name="checaHorarioMinMaxTest3" time="0"/>
  <testcase classname="unitario.AlocacaoTest" name="checaHorarioMinMaxTest4" time="0"/>
  <testcase classname="unitario.AlocacaoTest" name="checaMedicoTipoSalaTest1" time="0.001"/>
  <testcase classname="unitario.AlocacaoTest" name="checaMedicoTipoSalaTest2" time="0.001"/>
  <testcase classname="unitario.AlocacaoTest" name="checaMedicoTipoSalaTest3" time="0"/>
  <testcase classname="unitario.AlocacaoTest" name="checaMedicoTipoSalaTest4" time="0"/>
  <testcase classname="unitario.AlocacaoTest" name="checaMedicoTipoSalaTest5" time="0.001"/>
  <testcase classname="unitario.AlocacaoTest" name="checaMedicoTipoSalaTest6" time="0.001"/>
  <testcase classname="unitario.AlocacaoTest" name="checaMedicoTipoSalaTest7" time="0.001"/>
  <testcase classname="unitario.AlocacaoTest" name="checaMedicoTipoSalaTest8" time="0.001"/>
  <testcase classname="unitario.AlocacaoTest" name="checaMedicoTipoSalaTest9" time="0.001"/>
</testsuite>